Determining if the pthread_create exist failed with the following output:
Change Dir: /home/yanqiao/work/src/navigation/navigation/build-move_base-Desktop_Qt_5_6_0_GCC_64bit-Default/CMakeFiles/CMakeTmp

Run Build Command:/usr/bin/make "cmTryCompileExec1756078841/fast"
/usr/bin/make -f CMakeFiles/cmTryCompileExec1756078841.dir/build.make CMakeFiles/cmTryCompileExec1756078841.dir/build
make[1]: Entering directory `/home/yanqiao/work/src/navigation/navigation/build-move_base-Desktop_Qt_5_6_0_GCC_64bit-Default/CMakeFiles/CMakeTmp'
/usr/bin/cmake -E cmake_progress_report /home/yanqiao/work/src/navigation/navigation/build-move_base-Desktop_Qt_5_6_0_GCC_64bit-Default/CMakeFiles/CMakeTmp/CMakeFiles 1
Building C object CMakeFiles/cmTryCompileExec1756078841.dir/CheckSymbolExists.c.o
/usr/bin/cc    -o CMakeFiles/cmTryCompileExec1756078841.dir/CheckSymbolExists.c.o   -c /home/yanqiao/work/src/navigation/navigation/build-move_base-Desktop_Qt_5_6_0_GCC_64bit-Default/CMakeFiles/CMakeTmp/CheckSymbolExists.c
Linking C executable cmTryCompileExec1756078841
/usr/bin/cmake -E cmake_link_script CMakeFiles/cmTryCompileExec1756078841.dir/link.txt --verbose=1
/usr/bin/cc       CMakeFiles/cmTryCompileExec1756078841.dir/CheckSymbolExists.c.o  -o cmTryCompileExec1756078841 -rdynamic 
CMakeFiles/cmTryCompileExec1756078841.dir/CheckSymbolExists.c.o: In function `main':
CheckSymbolExists.c:(.text+0x16): undefined reference to `pthread_create'
collect2: error: ld returned 1 exit status
make[1]: *** [cmTryCompileExec1756078841] Error 1
make[1]: Leaving directory `/home/yanqiao/work/src/navigation/navigation/build-move_base-Desktop_Qt_5_6_0_GCC_64bit-Default/CMakeFiles/CMakeTmp'
make: *** [cmTryCompileExec1756078841/fast] Error 2

File /home/yanqiao/work/src/navigation/navigation/build-move_base-Desktop_Qt_5_6_0_GCC_64bit-Default/CMakeFiles/CMakeTmp/CheckSymbolExists.c:
/* */
#include <pthread.h>

int main(int argc, char** argv)
{
  (void)argv;
#ifndef pthread_create
  return ((int*)(&pthread_create))[argc];
#else
  (void)argc;
  return 0;
#endif
}

Determining if the function pthread_create exists in the pthreads failed with the following output:
Change Dir: /home/yanqiao/work/src/navigation/navigation/build-move_base-Desktop_Qt_5_6_0_GCC_64bit-Default/CMakeFiles/CMakeTmp

Run Build Command:/usr/bin/make "cmTryCompileExec692855175/fast"
/usr/bin/make -f CMakeFiles/cmTryCompileExec692855175.dir/build.make CMakeFiles/cmTryCompileExec692855175.dir/build
make[1]: Entering directory `/home/yanqiao/work/src/navigation/navigation/build-move_base-Desktop_Qt_5_6_0_GCC_64bit-Default/CMakeFiles/CMakeTmp'
/usr/bin/cmake -E cmake_progress_report /home/yanqiao/work/src/navigation/navigation/build-move_base-Desktop_Qt_5_6_0_GCC_64bit-Default/CMakeFiles/CMakeTmp/CMakeFiles 1
Building C object CMakeFiles/cmTryCompileExec692855175.dir/CheckFunctionExists.c.o
/usr/bin/cc   -DCHECK_FUNCTION_EXISTS=pthread_create   -o CMakeFiles/cmTryCompileExec692855175.dir/CheckFunctionExists.c.o   -c /usr/share/cmake-2.8/Modules/CheckFunctionExists.c
Linking C executable cmTryCompileExec692855175
/usr/bin/cmake -E cmake_link_script CMakeFiles/cmTryCompileExec692855175.dir/link.txt --verbose=1
/usr/bin/cc   -DCHECK_FUNCTION_EXISTS=pthread_create    CMakeFiles/cmTryCompileExec692855175.dir/CheckFunctionExists.c.o  -o cmTryCompileExec692855175 -rdynamic -lpthreads 
/usr/bin/ld: cannot find -lpthreads
collect2: error: ld returned 1 exit status
make[1]: *** [cmTryCompileExec692855175] Error 1
make[1]: Leaving directory `/home/yanqiao/work/src/navigation/navigation/build-move_base-Desktop_Qt_5_6_0_GCC_64bit-Default/CMakeFiles/CMakeTmp'
make: *** [cmTryCompileExec692855175/fast] Error 2


